<html>
<head>
<title>TestNG:  Default test</title>
<link href="../testng.css" rel="stylesheet" type="text/css" />
<link href="../my-testng.css" rel="stylesheet" type="text/css" />

<style type="text/css">
.log { display: none;} 
.stack-trace { display: none;} 
</style>
<script type="text/javascript">
<!--
function flip(e) {
  current = e.style.display;
  if (current == 'block') {
    e.style.display = 'none';
    return 0;
  }
  else {
    e.style.display = 'block';
    return 1;
  }
}

function toggleBox(szDivId, elem, msg1, msg2)
{
  var res = -1;  if (document.getElementById) {
    res = flip(document.getElementById(szDivId));
  }
  else if (document.all) {
    // this is the way old msie versions work
    res = flip(document.all[szDivId]);
  }
  if(elem) {
    if(res == 0) elem.innerHTML = msg1; else elem.innerHTML = msg2;
  }

}

function toggleAllBoxes() {
  if (document.getElementsByTagName) {
    d = document.getElementsByTagName('div');
    for (i = 0; i < d.length; i++) {
      if (d[i].className == 'log') {
        flip(d[i]);
      }
    }
  }
}

// -->
</script>

</head>
<body>
<h2 align='center'>Default test</h2><table border='1' align="center">
<tr>
<td>Tests passed/Failed/Skipped:</td><td>7/1/0</td>
</tr><tr>
<td>Started on:</td><td>Mon Jun 17 14:57:24 IST 2019</td>
</tr>
<tr><td>Total time:</td><td>1 seconds (1501 ms)</td>
</tr><tr>
<td>Included groups:</td><td></td>
</tr><tr>
<td>Excluded groups:</td><td></td>
</tr>
</table><p/>
<small><i>(Hover the method name to see the test class name)</i></small><p/>
<table width='100%' border='1' class='invocation-failed'>
<tr><td colspan='4' align='center'><b>FAILED TESTS</b></td></tr>
<tr><td><b>Test method</b></td>
<td width="30%"><b>Exception</b></td>
<td width="10%"><b>Time (seconds)</b></td>
<td><b>Instance</b></td>
</tr>
<tr>
<td title='com.bsc.qa.facets.afa.test.BorFileValidationTest.testAllData()'><b>testAllData</b><br>Test class: com.bsc.qa.facets.afa.test.BorFileValidationTest<br>Parameters: R45320932016, {R45320932016=com.bsc.qa.facets.afa.pojo.BORFile@2b2631}, {R45320932016=com.bsc.qa.facets.afa.pojo.KeywordFile@1f57625}, {R45320932016=com.bsc.qa.facets.afa.pojo.KeywordDB@e29c84}</td>
<td><div><pre>java.lang.AssertionError: The following asserts failed:
	Procedure Code for Claim ID :R45320932016 expected [99199] but found [99198]
	at org.testng.asserts.SoftAssert.assertAll(SoftAssert.java:43)
	at com.bsc.qa.facets.afa.test.BorFileValidationTest.testAllData(BorFileValidationTest.java:283)
	at sun.reflect.NativeMethodAccessorImpl.invoke0(Native Method)
	at sun.reflect.NativeMethodAccessorImpl.invoke(NativeMethodAccessorImpl.java:62)
	at sun.reflect.DelegatingMethodAccessorImpl.invoke(DelegatingMethodAccessorImpl.java:43)
	at java.lang.reflect.Method.invoke(Method.java:498)
	at org.testng.internal.MethodInvocationHelper.invokeMethod(MethodInvocationHelper.java:124)
	at org.testng.internal.MethodInvocationHelper$1.runTestMethod(MethodInvocationHelper.java:230)
	at com.bsc.qa.facets.afa.test.BorFileValidationTest.run(BorFileValidationTest.java:342)
	at org.testng.internal.MethodInvocationHelper.invokeHookable(MethodInvocationHelper.java:242)
	at org.testng.internal.Invoker.invokeMethod(Invoker.java:576)
	at org.testng.internal.Invoker.invokeTestMethod(Invoker.java:716)
	at org.testng.internal.Invoker.invokeTestMethods(Invoker.java:988)
	at org.testng.internal.TestMethodWorker.invokeTestMethods(TestMethodWorker.java:125)
	at org.testng.internal.TestMethodWorker.run(TestMethodWorker.java:109)
	at org.testng.TestRunner.privateRun(TestRunner.java:648)
	at org.testng.TestRunner.run(TestRunner.java:505)
	at org.testng.SuiteRunner.runTest(SuiteRunner.java:455)
	at org.testng.SuiteRunner.runSequentially(SuiteRunner.java:450)
	at org.testng.SuiteRunner.privateRun(SuiteRunner.java:415)
	at org.testng.SuiteRunner.run(SuiteRunner.java:364)
	at org.testng.SuiteRunnerWorker.runSuite(SuiteRunnerWorker.java:52)
	at org.testng.SuiteRunnerWorker.run(SuiteRunnerWorker.java:84)
	at org.testng.TestNG.runSuitesSequentially(TestNG.java:1208)
	at org.testng.TestNG.runSuitesLocally(TestNG.java:1137)
	at org.testng.TestNG.runSuites(TestNG.java:1049)
	at org.testng.TestNG.run(TestNG.java:1017)
	at org.testng.remote.AbstractRemoteTestNG.run(AbstractRemoteTestNG.java:114)
	at org.testng.remote.RemoteTestNG.initAndRun(RemoteTestNG.java:251)
	at org.testng.remote.RemoteTestNG.main(RemoteTestNG.java:77)
</pre></div><a href='#' onClick='toggleBox("stack-trace16627407", this, "Click to show all stack frames", "Click to hide stack frames")'>Click to show all stack frames</a>
<div class='stack-trace' id='stack-trace16627407'><pre>java.lang.AssertionError: The following asserts failed:
	Procedure Code for Claim ID :R45320932016 expected [99199] but found [99198]
	at org.testng.asserts.SoftAssert.assertAll(SoftAssert.java:43)
	at com.bsc.qa.facets.afa.test.BorFileValidationTest.testAllData(BorFileValidationTest.java:283)
	at sun.reflect.NativeMethodAccessorImpl.invoke0(Native Method)
	at sun.reflect.NativeMethodAccessorImpl.invoke(NativeMethodAccessorImpl.java:62)
	at sun.reflect.DelegatingMethodAccessorImpl.invoke(DelegatingMethodAccessorImpl.java:43)
	at java.lang.reflect.Method.invoke(Method.java:498)
	at org.testng.internal.MethodInvocationHelper.invokeMethod(MethodInvocationHelper.java:124)
	at org.testng.internal.MethodInvocationHelper$1.runTestMethod(MethodInvocationHelper.java:230)
	at com.bsc.qa.facets.afa.test.BorFileValidationTest.run(BorFileValidationTest.java:342)
	at org.testng.internal.MethodInvocationHelper.invokeHookable(MethodInvocationHelper.java:242)
	at org.testng.internal.Invoker.invokeMethod(Invoker.java:576)
	at org.testng.internal.Invoker.invokeTestMethod(Invoker.java:716)
	at org.testng.internal.Invoker.invokeTestMethods(Invoker.java:988)
	at org.testng.internal.TestMethodWorker.invokeTestMethods(TestMethodWorker.java:125)
	at org.testng.internal.TestMethodWorker.run(TestMethodWorker.java:109)
	at org.testng.TestRunner.privateRun(TestRunner.java:648)
	at org.testng.TestRunner.run(TestRunner.java:505)
	at org.testng.SuiteRunner.runTest(SuiteRunner.java:455)
	at org.testng.SuiteRunner.runSequentially(SuiteRunner.java:450)
	at org.testng.SuiteRunner.privateRun(SuiteRunner.java:415)
	at org.testng.SuiteRunner.run(SuiteRunner.java:364)
	at org.testng.SuiteRunnerWorker.runSuite(SuiteRunnerWorker.java:52)
	at org.testng.SuiteRunnerWorker.run(SuiteRunnerWorker.java:84)
	at org.testng.TestNG.runSuitesSequentially(TestNG.java:1208)
	at org.testng.TestNG.runSuitesLocally(TestNG.java:1137)
	at org.testng.TestNG.runSuites(TestNG.java:1049)
	at org.testng.TestNG.run(TestNG.java:1017)
	at org.testng.remote.AbstractRemoteTestNG.run(AbstractRemoteTestNG.java:114)
	at org.testng.remote.RemoteTestNG.initAndRun(RemoteTestNG.java:251)
	at org.testng.remote.RemoteTestNG.main(RemoteTestNG.java:77)
</pre></div></td>
<td>0</td>
<td>com.bsc.qa.facets.afa.test.BorFileValidationTest@16b4233</td></tr>
</table><p>
<table width='100%' border='1' class='invocation-passed'>
<tr><td colspan='4' align='center'><b>PASSED TESTS</b></td></tr>
<tr><td><b>Test method</b></td>
<td width="30%"><b>Exception</b></td>
<td width="10%"><b>Time (seconds)</b></td>
<td><b>Instance</b></td>
</tr>
<tr>
<td title='com.bsc.qa.facets.afa.test.BorFileValidationTest.testAllData()'><b>testAllData</b><br>Test class: com.bsc.qa.facets.afa.test.BorFileValidationTest<br>Parameters: R45320932011, {R45320932011=com.bsc.qa.facets.afa.pojo.BORFile@1d386c3}, {R45320932011=com.bsc.qa.facets.afa.pojo.KeywordFile@df4f36}, {R45320932011=com.bsc.qa.facets.afa.pojo.KeywordDB@9d334c}</td>
<td></td>
<td>0</td>
<td>com.bsc.qa.facets.afa.test.BorFileValidationTest@16b4233</td></tr>
<tr>
<td title='com.bsc.qa.facets.afa.test.BorFileValidationTest.testAllData()'><b>testAllData</b><br>Test class: com.bsc.qa.facets.afa.test.BorFileValidationTest<br>Parameters: R12014726173, {R12014726173=com.bsc.qa.facets.afa.pojo.BORFile@15b5b7f}, {R12014726173=com.bsc.qa.facets.afa.pojo.KeywordFile@13f3e9}, {R12014726173=com.bsc.qa.facets.afa.pojo.KeywordDB@cb9120}</td>
<td></td>
<td>0</td>
<td>com.bsc.qa.facets.afa.test.BorFileValidationTest@16b4233</td></tr>
<tr>
<td title='com.bsc.qa.facets.afa.test.BorFileValidationTest.testAllData()'><b>testAllData</b><br>Test class: com.bsc.qa.facets.afa.test.BorFileValidationTest<br>Parameters: R45320932021, {R45320932021=com.bsc.qa.facets.afa.pojo.BORFile@1c5e994}, {R45320932021=com.bsc.qa.facets.afa.pojo.KeywordFile@18bd86d}, {R45320932021=com.bsc.qa.facets.afa.pojo.KeywordDB@189e7a7}</td>
<td></td>
<td>0</td>
<td>com.bsc.qa.facets.afa.test.BorFileValidationTest@16b4233</td></tr>
<tr>
<td title='com.bsc.qa.facets.afa.test.BorFileValidationTest.testAllData()'><b>testAllData</b><br>Test class: com.bsc.qa.facets.afa.test.BorFileValidationTest<br>Parameters: R45320932026, {R45320932026=com.bsc.qa.facets.afa.pojo.BORFile@4abb8f}, {R45320932026=com.bsc.qa.facets.afa.pojo.KeywordFile@411233}, {R45320932026=com.bsc.qa.facets.afa.pojo.KeywordDB@325d20}</td>
<td></td>
<td>0</td>
<td>com.bsc.qa.facets.afa.test.BorFileValidationTest@16b4233</td></tr>
<tr>
<td title='com.bsc.qa.facets.afa.test.BorFileValidationTest.testAllData()'><b>testAllData</b><br>Test class: com.bsc.qa.facets.afa.test.BorFileValidationTest<br>Parameters: R26609111309, {R26609111309=com.bsc.qa.facets.afa.pojo.BORFile@17fa3ae}, {R26609111309=com.bsc.qa.facets.afa.pojo.KeywordFile@65f0c}, {R26609111309=com.bsc.qa.facets.afa.pojo.KeywordDB@5c4d3}</td>
<td></td>
<td>0</td>
<td>com.bsc.qa.facets.afa.test.BorFileValidationTest@16b4233</td></tr>
<tr>
<td title='com.bsc.qa.facets.afa.test.BorFileValidationTest.testAllData()'><b>testAllData</b><br>Test class: com.bsc.qa.facets.afa.test.BorFileValidationTest<br>Parameters: R87750781817, {R87750781817=com.bsc.qa.facets.afa.pojo.BORFile@d5923a}, {R87750781817=com.bsc.qa.facets.afa.pojo.KeywordFile@63d9d3}, {R87750781817=com.bsc.qa.facets.afa.pojo.KeywordDB@3b0ade}</td>
<td></td>
<td>0</td>
<td>com.bsc.qa.facets.afa.test.BorFileValidationTest@16b4233</td></tr>
<tr>
<td title='com.bsc.qa.facets.afa.test.BorFileValidationTest.testAllData()'><b>testAllData</b><br>Test class: com.bsc.qa.facets.afa.test.BorFileValidationTest<br>Parameters: R45320932006, {R45320932006=com.bsc.qa.facets.afa.pojo.BORFile@1d186db}, {R45320932006=com.bsc.qa.facets.afa.pojo.KeywordFile@16962ba}, {R45320932006=com.bsc.qa.facets.afa.pojo.KeywordDB@165a70a}</td>
<td></td>
<td>0</td>
<td>com.bsc.qa.facets.afa.test.BorFileValidationTest@16b4233</td></tr>
</table><p>
</body>
</html>