<?xml version="1.0" encoding="UTF-8"?>
<!-- Generated by org.testng.reporters.JUnitXMLReporter -->
<testsuite hostname="sacvd04045" ignored="0" name="Default test" tests="37" failures="1" timestamp="14 Jun 2019 12:35:00 GMT" time="1.644" errors="0">
  <testcase name="testAllData" time="0.008" classname="com.bsc.qa.facets.afa.test.KeywordDBValidationTest"/>
  <testcase name="testAllData" time="0.003" classname="com.bsc.qa.facets.afa.test.KeywordDBValidationTest"/>
  <testcase name="testAllData" time="0.002" classname="com.bsc.qa.facets.afa.test.KeywordDBValidationTest"/>
  <testcase name="testAllData" time="0.001" classname="com.bsc.qa.facets.afa.test.KeywordDBValidationTest"/>
  <testcase name="testAllData" time="0.001" classname="com.bsc.qa.facets.afa.test.KeywordDBValidationTest"/>
  <testcase name="testAllData" time="0.001" classname="com.bsc.qa.facets.afa.test.KeywordDBValidationTest"/>
  <testcase name="testAllData" time="0.001" classname="com.bsc.qa.facets.afa.test.KeywordDBValidationTest"/>
  <testcase name="testAllData" time="0.001" classname="com.bsc.qa.facets.afa.test.KeywordDBValidationTest"/>
  <testcase name="testAllData" time="0.001" classname="com.bsc.qa.facets.afa.test.KeywordDBValidationTest"/>
  <testcase name="testAllData" time="0.001" classname="com.bsc.qa.facets.afa.test.KeywordDBValidationTest"/>
  <testcase name="testAllData" time="0.001" classname="com.bsc.qa.facets.afa.test.KeywordDBValidationTest"/>
  <testcase name="testAllData" time="0.002" classname="com.bsc.qa.facets.afa.test.KeywordDBValidationTest"/>
  <testcase name="testAllData" time="0.001" classname="com.bsc.qa.facets.afa.test.KeywordDBValidationTest"/>
  <testcase name="testAllData" time="0.0" classname="com.bsc.qa.facets.afa.test.KeywordDBValidationTest"/>
  <testcase name="testAllData" time="0.006" classname="com.bsc.qa.facets.afa.test.KeywordDBValidationTest"/>
  <testcase name="testAllData" time="0.001" classname="com.bsc.qa.facets.afa.test.KeywordDBValidationTest"/>
  <testcase name="testAllData" time="0.002" classname="com.bsc.qa.facets.afa.test.KeywordDBValidationTest"/>
  <testcase name="testAllData" time="0.003" classname="com.bsc.qa.facets.afa.test.KeywordDBValidationTest">
    <failure type="java.lang.AssertionError" message="The following asserts failed:
	Class ID for Claim ID : 135247071364 expected [CL58] but found [CL35]">
      <![CDATA[java.lang.AssertionError: The following asserts failed:
Class ID for Claim ID : 135247071364 expected [CL58] but found [CL35]
at org.testng.asserts.SoftAssert.assertAll(SoftAssert.java:43)
at com.bsc.qa.facets.afa.test.KeywordDBValidationTest.testAllData(KeywordDBValidationTest.java:274)
at sun.reflect.GeneratedMethodAccessor31.invoke(Unknown Source)
at sun.reflect.DelegatingMethodAccessorImpl.invoke(DelegatingMethodAccessorImpl.java:43)
at java.lang.reflect.Method.invoke(Method.java:498)
at org.testng.internal.MethodInvocationHelper.invokeMethod(MethodInvocationHelper.java:124)
at org.testng.internal.Invoker.invokeMethod(Invoker.java:580)
at org.testng.internal.Invoker.invokeTestMethod(Invoker.java:716)
at org.testng.internal.Invoker.invokeTestMethods(Invoker.java:988)
at org.testng.internal.TestMethodWorker.invokeTestMethods(TestMethodWorker.java:125)
at org.testng.internal.TestMethodWorker.run(TestMethodWorker.java:109)
at org.testng.TestRunner.privateRun(TestRunner.java:648)
at org.testng.TestRunner.run(TestRunner.java:505)
at org.testng.SuiteRunner.runTest(SuiteRunner.java:455)
at org.testng.SuiteRunner.runSequentially(SuiteRunner.java:450)
at org.testng.SuiteRunner.privateRun(SuiteRunner.java:415)
at org.testng.SuiteRunner.run(SuiteRunner.java:364)
at org.testng.SuiteRunnerWorker.runSuite(SuiteRunnerWorker.java:52)
at org.testng.SuiteRunnerWorker.run(SuiteRunnerWorker.java:84)
at org.testng.TestNG.runSuitesSequentially(TestNG.java:1208)
at org.testng.TestNG.runSuitesLocally(TestNG.java:1137)
at org.testng.TestNG.runSuites(TestNG.java:1049)
at org.testng.TestNG.run(TestNG.java:1017)
at org.testng.remote.AbstractRemoteTestNG.run(AbstractRemoteTestNG.java:114)
at org.testng.remote.RemoteTestNG.initAndRun(RemoteTestNG.java:251)
at org.testng.remote.RemoteTestNG.main(RemoteTestNG.java:77)
]]>
    </failure>
  </testcase> <!-- testAllData -->
  <testcase name="testAllData" time="0.002" classname="com.bsc.qa.facets.afa.test.KeywordDBValidationTest"/>
  <testcase name="testAllData" time="0.0" classname="com.bsc.qa.facets.afa.test.KeywordDBValidationTest"/>
  <testcase name="testAllData" time="0.007" classname="com.bsc.qa.facets.afa.test.KeywordDBValidationTest"/>
  <testcase name="testAllData" time="0.001" classname="com.bsc.qa.facets.afa.test.KeywordDBValidationTest"/>
  <testcase name="testAllData" time="0.008" classname="com.bsc.qa.facets.afa.test.KeywordDBValidationTest"/>
  <testcase name="testAllData" time="0.001" classname="com.bsc.qa.facets.afa.test.KeywordDBValidationTest"/>
  <testcase name="testAllData" time="0.009" classname="com.bsc.qa.facets.afa.test.KeywordDBValidationTest"/>
  <testcase name="testAllData" time="0.0" classname="com.bsc.qa.facets.afa.test.KeywordDBValidationTest"/>
  <testcase name="testAllData" time="0.004" classname="com.bsc.qa.facets.afa.test.KeywordDBValidationTest"/>
  <testcase name="testAllData" time="0.001" classname="com.bsc.qa.facets.afa.test.KeywordDBValidationTest"/>
  <testcase name="testAllData" time="0.001" classname="com.bsc.qa.facets.afa.test.KeywordDBValidationTest"/>
  <testcase name="testAllData" time="0.001" classname="com.bsc.qa.facets.afa.test.KeywordDBValidationTest"/>
  <testcase name="testAllData" time="0.001" classname="com.bsc.qa.facets.afa.test.KeywordDBValidationTest"/>
  <testcase name="testAllData" time="0.001" classname="com.bsc.qa.facets.afa.test.KeywordDBValidationTest"/>
  <testcase name="testAllData" time="0.0" classname="com.bsc.qa.facets.afa.test.KeywordDBValidationTest"/>
  <testcase name="testAllData" time="0.001" classname="com.bsc.qa.facets.afa.test.KeywordDBValidationTest"/>
  <testcase name="testAllData" time="0.004" classname="com.bsc.qa.facets.afa.test.KeywordDBValidationTest"/>
  <testcase name="testAllData" time="0.001" classname="com.bsc.qa.facets.afa.test.KeywordDBValidationTest"/>
  <testcase name="testAllData" time="0.001" classname="com.bsc.qa.facets.afa.test.KeywordDBValidationTest"/>
</testsuite> <!-- Default test -->
