<?xml version="1.0" encoding="UTF-8"?>
<!-- Generated by org.testng.reporters.JUnitXMLReporter -->
<testsuite hostname="sacvd04045" ignored="0" name="Test" tests="8" failures="1" timestamp="14 Jun 2019 12:49:23 GMT" time="1.08" errors="0">
  <testcase name="testAllData" time="0.344" classname="com.bsc.qa.facets.afa.test.BorFileValidationTest"/>
  <testcase name="testAllData" time="0.0" classname="com.bsc.qa.facets.afa.test.BorFileValidationTest"/>
  <testcase name="testAllData" time="0.0" classname="com.bsc.qa.facets.afa.test.BorFileValidationTest"/>
  <testcase name="testAllData" time="0.0" classname="com.bsc.qa.facets.afa.test.BorFileValidationTest"/>
  <testcase name="testAllData" time="0.0" classname="com.bsc.qa.facets.afa.test.BorFileValidationTest"/>
  <testcase name="testAllData" time="0.0" classname="com.bsc.qa.facets.afa.test.BorFileValidationTest">
    <failure type="java.lang.AssertionError" message="The following asserts failed:
	Procedure Code for Claim ID :R45320932016 expected [99199] but found [99198]">
      <![CDATA[java.lang.AssertionError: The following asserts failed:
Procedure Code for Claim ID :R45320932016 expected [99199] but found [99198]
at com.bsc.qa.facets.afa.test.BorFileValidationTest.testAllData(BorFileValidationTest.java:246)
at com.bsc.qa.facets.afa.test.BorFileValidationTest.run(BorFileValidationTest.java:305)
... Removed 28 stack frames]]>
    </failure>
  </testcase> <!-- testAllData -->
  <testcase name="testAllData" time="0.002" classname="com.bsc.qa.facets.afa.test.BorFileValidationTest"/>
  <testcase name="testAllData" time="0.0" classname="com.bsc.qa.facets.afa.test.BorFileValidationTest"/>
</testsuite> <!-- Test -->
