<?xml version="1.0" encoding="UTF-8"?>
<!-- Generated by org.testng.reporters.JUnitReportReporter -->
<testsuite skipped="0" hostname="sacvd04279" name="com.bsc.qa.facets.afa.test.AfaInvoiceReportValidationTest" tests="3" failures="2" timestamp="21 Jun 2019 11:51:29 GMT" time="0.011" errors="0">
  <testcase name="testShieldSavingData" time="0.001" classname="com.bsc.qa.facets.afa.test.AfaInvoiceReportValidationTest">
    <failure type="java.lang.AssertionError" message="The following asserts failed:
	ProviderChargedAmount Mismatch for Invoice NO:191550000307 Billing category:INV17 expected [$2000] but found [$1000],
	Savings Mismatch for Invoice NO:191550000307 Billing category:INV17 expected [$900] but found [$200],
	AllowedAmount Mismatch for Invoice NO:191550000307 Billing category:INV17 expected [$1100] but found [$800],
	CostContainment Mismatch for Invoice NO:191550000307 Billing category:INV17 expected [$1010] but found [$40],
	Total Mismatch for Invoice NO:191550000307 Billing category:INV17 expected [$2110] but found [$840],
	ProviderChargedAmount Mismatch for Invoice NO:191550000307 Billing category:INV71 expected [$2000] but found [$1000],
	Savings Mismatch for Invoice NO:191550000307 Billing category:INV71 expected [$900] but found [$200],
	AllowedAmount Mismatch for Invoice NO:191550000307 Billing category:INV71 expected [$1100] but found [$800],
	CostContainment Mismatch for Invoice NO:191550000307 Billing category:INV71 expected [$1010] but found [$40],
	Total Mismatch for Invoice NO:191550000307 Billing category:INV71 expected [$2110] but found [$840]">
      <![CDATA[java.lang.AssertionError: The following asserts failed:
ProviderChargedAmount Mismatch for Invoice NO:191550000307 Billing category:INV17 expected [$2000] but found [$1000],
Savings Mismatch for Invoice NO:191550000307 Billing category:INV17 expected [$900] but found [$200],
AllowedAmount Mismatch for Invoice NO:191550000307 Billing category:INV17 expected [$1100] but found [$800],
CostContainment Mismatch for Invoice NO:191550000307 Billing category:INV17 expected [$1010] but found [$40],
Total Mismatch for Invoice NO:191550000307 Billing category:INV17 expected [$2110] but found [$840],
ProviderChargedAmount Mismatch for Invoice NO:191550000307 Billing category:INV71 expected [$2000] but found [$1000],
Savings Mismatch for Invoice NO:191550000307 Billing category:INV71 expected [$900] but found [$200],
AllowedAmount Mismatch for Invoice NO:191550000307 Billing category:INV71 expected [$1100] but found [$800],
CostContainment Mismatch for Invoice NO:191550000307 Billing category:INV71 expected [$1010] but found [$40],
Total Mismatch for Invoice NO:191550000307 Billing category:INV71 expected [$2110] but found [$840]
at org.testng.asserts.SoftAssert.assertAll(SoftAssert.java:43)
at com.bsc.qa.facets.afa.test.AfaInvoiceReportValidationTest.testShieldSavingData(AfaInvoiceReportValidationTest.java:159)
at sun.reflect.NativeMethodAccessorImpl.invoke0(Native Method)
at sun.reflect.NativeMethodAccessorImpl.invoke(NativeMethodAccessorImpl.java:62)
at sun.reflect.DelegatingMethodAccessorImpl.invoke(DelegatingMethodAccessorImpl.java:43)
at java.lang.reflect.Method.invoke(Method.java:498)
at org.testng.internal.MethodInvocationHelper.invokeMethod(MethodInvocationHelper.java:124)
at org.testng.internal.Invoker.invokeMethod(Invoker.java:580)
at org.testng.internal.Invoker.invokeTestMethod(Invoker.java:716)
at org.testng.internal.Invoker.invokeTestMethods(Invoker.java:988)
at org.testng.internal.TestMethodWorker.invokeTestMethods(TestMethodWorker.java:125)
at org.testng.internal.TestMethodWorker.run(TestMethodWorker.java:109)
at org.testng.TestRunner.privateRun(TestRunner.java:648)
at org.testng.TestRunner.run(TestRunner.java:505)
at org.testng.SuiteRunner.runTest(SuiteRunner.java:455)
at org.testng.SuiteRunner.runSequentially(SuiteRunner.java:450)
at org.testng.SuiteRunner.privateRun(SuiteRunner.java:415)
at org.testng.SuiteRunner.run(SuiteRunner.java:364)
at org.testng.SuiteRunnerWorker.runSuite(SuiteRunnerWorker.java:52)
at org.testng.SuiteRunnerWorker.run(SuiteRunnerWorker.java:84)
at org.testng.TestNG.runSuitesSequentially(TestNG.java:1208)
at org.testng.TestNG.runSuitesLocally(TestNG.java:1137)
at org.testng.TestNG.runSuites(TestNG.java:1049)
at org.testng.TestNG.run(TestNG.java:1017)
at org.testng.remote.AbstractRemoteTestNG.run(AbstractRemoteTestNG.java:114)
at org.testng.remote.RemoteTestNG.initAndRun(RemoteTestNG.java:251)
at org.testng.remote.RemoteTestNG.main(RemoteTestNG.java:77)
]]>
    </failure>
  </testcase> <!-- testShieldSavingData -->
  <testcase name="testClaimsActivitySummaryData" time="0.009" classname="com.bsc.qa.facets.afa.test.AfaInvoiceReportValidationTest">
    <failure type="java.lang.AssertionError" message="The following asserts failed:
	total Mismatch for Invoice NO:191550000307 Billing category:INV14 expected [$2840] but found [$2010],
	total Mismatch for Invoice NO:191550000307 Billing category:INV15 expected [$2840] but found [$2010],
	medical Mismatch for Invoice NO:191550000307 Billing category:INV17 expected [$750] but found [$375],
	subTotalClaimsActivity Mismatch for Invoice NO:191550000307 Billing category:INV17 expected [$830] but found [$415],
	total Mismatch for Invoice NO:191550000307 Billing category:INV17 expected [$2840] but found [$2010],
	medical Mismatch for Invoice NO:191550000307 Billing category:INV71 expected [$750] but found [$375],
	subTotalClaimsActivity Mismatch for Invoice NO:191550000307 Billing category:INV71 expected [$830] but found [$415],
	total Mismatch for Invoice NO:191550000307 Billing category:INV71 expected [$2840] but found [$2010]">
      <![CDATA[java.lang.AssertionError: The following asserts failed:
total Mismatch for Invoice NO:191550000307 Billing category:INV14 expected [$2840] but found [$2010],
total Mismatch for Invoice NO:191550000307 Billing category:INV15 expected [$2840] but found [$2010],
medical Mismatch for Invoice NO:191550000307 Billing category:INV17 expected [$750] but found [$375],
subTotalClaimsActivity Mismatch for Invoice NO:191550000307 Billing category:INV17 expected [$830] but found [$415],
total Mismatch for Invoice NO:191550000307 Billing category:INV17 expected [$2840] but found [$2010],
medical Mismatch for Invoice NO:191550000307 Billing category:INV71 expected [$750] but found [$375],
subTotalClaimsActivity Mismatch for Invoice NO:191550000307 Billing category:INV71 expected [$830] but found [$415],
total Mismatch for Invoice NO:191550000307 Billing category:INV71 expected [$2840] but found [$2010]
at org.testng.asserts.SoftAssert.assertAll(SoftAssert.java:43)
at com.bsc.qa.facets.afa.test.AfaInvoiceReportValidationTest.testClaimsActivitySummaryData(AfaInvoiceReportValidationTest.java:130)
at sun.reflect.NativeMethodAccessorImpl.invoke0(Native Method)
at sun.reflect.NativeMethodAccessorImpl.invoke(NativeMethodAccessorImpl.java:62)
at sun.reflect.DelegatingMethodAccessorImpl.invoke(DelegatingMethodAccessorImpl.java:43)
at java.lang.reflect.Method.invoke(Method.java:498)
at org.testng.internal.MethodInvocationHelper.invokeMethod(MethodInvocationHelper.java:124)
at org.testng.internal.Invoker.invokeMethod(Invoker.java:580)
at org.testng.internal.Invoker.invokeTestMethod(Invoker.java:716)
at org.testng.internal.Invoker.invokeTestMethods(Invoker.java:988)
at org.testng.internal.TestMethodWorker.invokeTestMethods(TestMethodWorker.java:125)
at org.testng.internal.TestMethodWorker.run(TestMethodWorker.java:109)
at org.testng.TestRunner.privateRun(TestRunner.java:648)
at org.testng.TestRunner.run(TestRunner.java:505)
at org.testng.SuiteRunner.runTest(SuiteRunner.java:455)
at org.testng.SuiteRunner.runSequentially(SuiteRunner.java:450)
at org.testng.SuiteRunner.privateRun(SuiteRunner.java:415)
at org.testng.SuiteRunner.run(SuiteRunner.java:364)
at org.testng.SuiteRunnerWorker.runSuite(SuiteRunnerWorker.java:52)
at org.testng.SuiteRunnerWorker.run(SuiteRunnerWorker.java:84)
at org.testng.TestNG.runSuitesSequentially(TestNG.java:1208)
at org.testng.TestNG.runSuitesLocally(TestNG.java:1137)
at org.testng.TestNG.runSuites(TestNG.java:1049)
at org.testng.TestNG.run(TestNG.java:1017)
at org.testng.remote.AbstractRemoteTestNG.run(AbstractRemoteTestNG.java:114)
at org.testng.remote.RemoteTestNG.initAndRun(RemoteTestNG.java:251)
at org.testng.remote.RemoteTestNG.main(RemoteTestNG.java:77)
]]>
    </failure>
  </testcase> <!-- testClaimsActivitySummaryData -->
  <testcase name="testFrontPageData" time="0.001" classname="com.bsc.qa.facets.afa.test.AfaInvoiceReportValidationTest"/>
</testsuite> <!-- com.bsc.qa.facets.afa.test.AfaInvoiceReportValidationTest -->
